[90mdata/evolucoes.json[39m 42ms (unchanged)
[90mdata/pacientes.json[39m 1ms (unchanged)
[90meslint.config.js[39m 16ms (unchanged)
eslint.config.mjs 9ms
[90mindex.html[39m 40ms (unchanged)
package-lock.json 53ms
package.json 2ms
postcss.config.cjs 3ms
prettier.config.cjs 3ms
server/server-pro.mjs 74ms
[90msrc/api.ts[39m 12ms (unchanged)
[90msrc/app.css[39m 59ms (unchanged)
[90msrc/App.tsx[39m 16ms (unchanged)
[90msrc/auth.ts[39m 11ms (unchanged)
[90msrc/layouts/Shell.tsx[39m 6ms (unchanged)
[90msrc/main.tsx[39m 3ms (unchanged)
[90msrc/pages/Dashboard.tsx[39m 9ms (unchanged)
[90msrc/pages/Pacientes.tsx[39m 12ms (unchanged)
[90msrc/pages/Prescriptions/DigitalPrescription.tsx[39m 1ms (unchanged)
[90msrc/pages/Prontuarios.tsx[39m 36ms (unchanged)
[90msrc/src/components/auth/SecureLogin.tsx[39m 44ms (unchanged)
[90msrc/src/components/MedicalHistory/index.tsx[39m 9ms (unchanged)
[90msrc/src/components/Prescription/index.tsx[39m 11ms (unchanged)
[90msrc/src/hooks/useAuth.ts[39m 13ms (unchanged)
[90msrc/src/pages/Analytics/index.tsx[39m 8ms (unchanged)
[90msrc/src/pages/Dashboard/index.tsx[39m 12ms (unchanged)
[90msrc/src/pages/ExamSystem/index.tsx[39m 7ms (unchanged)
[90msrc/src/pages/Prescriptions/DigitalPrescription.tsx[39m 143ms (unchanged)
[90msrc/src/pages/Reports/index.tsx[39m 6ms (unchanged)
[90msrc/src/pages/Schedule/index.tsx[39m 9ms (unchanged)
[90msrc/src/security/vault.ts[39m 15ms (unchanged)
[90msrc/src/services/audit.ts[39m 18ms (unchanged)
[90msrc/src/services/audit/AuditLogger.ts[39m 9ms (unchanged)
[90msrc/src/stores/secureStore.ts[39m 22ms (unchanged)
[90msrc/src/utils/encryption.ts[39m 4ms (unchanged)
[90mtsconfig.json[39m 2ms (unchanged)
[90mvite.config.ts[39m 2ms (unchanged)
