[90mdata/evolucoes.json[39m 38ms (unchanged)
[90mdata/pacientes.json[39m 1ms (unchanged)
[90meslint.config.js[39m 15ms (unchanged)
[90mindex.html[39m 39ms (unchanged)
[90mpackage-lock.json[39m 33ms (unchanged)
[90mpackage.json[39m 3ms (unchanged)
[90msrc/api.ts[39m 16ms (unchanged)
[90msrc/app.css[39m 57ms (unchanged)
[90msrc/App.tsx[39m 18ms (unchanged)
[90msrc/auth.ts[39m 25ms (unchanged)
[90msrc/layouts/Shell.tsx[39m 7ms (unchanged)
[90msrc/main.tsx[39m 6ms (unchanged)
[90msrc/pages/Dashboard.tsx[39m 11ms (unchanged)
[90msrc/pages/Pacientes.tsx[39m 18ms (unchanged)
[90msrc/pages/Prescriptions/DigitalPrescription.tsx[39m 1ms (unchanged)
[90msrc/pages/Prontuarios.tsx[39m 37ms (unchanged)
[90msrc/src/components/auth/SecureLogin.tsx[39m 42ms (unchanged)
[90msrc/src/components/MedicalHistory/index.tsx[39m 7ms (unchanged)
[90msrc/src/components/Prescription/index.tsx[39m 7ms (unchanged)
[90msrc/src/hooks/useAuth.ts[39m 8ms (unchanged)
[90msrc/src/pages/Analytics/index.tsx[39m 4ms (unchanged)
[90msrc/src/pages/Dashboard/index.tsx[39m 6ms (unchanged)
[90msrc/src/pages/ExamSystem/index.tsx[39m 5ms (unchanged)
[90msrc/src/pages/Prescriptions/DigitalPrescription.tsx[39m 118ms (unchanged)
[90msrc/src/pages/Reports/index.tsx[39m 5ms (unchanged)
[90msrc/src/pages/Schedule/index.tsx[39m 6ms (unchanged)
[90msrc/src/security/vault.ts[39m 12ms (unchanged)
[90msrc/src/services/audit.ts[39m 13ms (unchanged)
[90msrc/src/services/audit/AuditLogger.ts[39m 6ms (unchanged)
[90msrc/src/stores/secureStore.ts[39m 20ms (unchanged)
[90msrc/src/utils/encryption.ts[39m 4ms (unchanged)
[90mtsconfig.json[39m 2ms (unchanged)
[90mvite.config.ts[39m 2ms (unchanged)
