[90mdata/evolucoes.json[39m 63ms (unchanged)
[90mdata/pacientes.json[39m 25ms (unchanged)
[90meslint.config.js[39m 39ms (unchanged)
[90meslint.config.mjs[39m 19ms (unchanged)
[90mindex.html[39m 84ms (unchanged)
[90mpackage-lock.json[39m 94ms (unchanged)
[90mpackage.json[39m 2ms (unchanged)
[90mpostcss.config.cjs[39m 7ms (unchanged)
[90mprettier.config.cjs[39m 5ms (unchanged)
[90mserver/server-pro.mjs[39m 116ms (unchanged)
[90msrc/api.ts[39m 21ms (unchanged)
[90msrc/app.css[39m 83ms (unchanged)
[90msrc/App.tsx[39m 20ms (unchanged)
[90msrc/auth.ts[39m 27ms (unchanged)
[90msrc/layouts/Shell.tsx[39m 13ms (unchanged)
[90msrc/main.tsx[39m 6ms (unchanged)
[90msrc/pages/Dashboard.tsx[39m 14ms (unchanged)
[90msrc/pages/Pacientes.tsx[39m 25ms (unchanged)
[90msrc/pages/Prescriptions/DigitalPrescription.tsx[39m 1ms (unchanged)
[90msrc/pages/Prontuarios.tsx[39m 90ms (unchanged)
[90msrc/src/components/auth/SecureLogin.tsx[39m 78ms (unchanged)
[90msrc/src/components/MedicalHistory/index.tsx[39m 14ms (unchanged)
[90msrc/src/components/Prescription/index.tsx[39m 15ms (unchanged)
[90msrc/src/hooks/useAuth.ts[39m 16ms (unchanged)
[90msrc/src/pages/Analytics/index.tsx[39m 6ms (unchanged)
[90msrc/src/pages/Dashboard/index.tsx[39m 7ms (unchanged)
[90msrc/src/pages/ExamSystem/index.tsx[39m 6ms (unchanged)
[90msrc/src/pages/Prescriptions/DigitalPrescription.tsx[39m 208ms (unchanged)
[90msrc/src/pages/Reports/index.tsx[39m 9ms (unchanged)
[90msrc/src/pages/Schedule/index.tsx[39m 12ms (unchanged)
[90msrc/src/security/vault.ts[39m 20ms (unchanged)
[90msrc/src/services/audit.ts[39m 19ms (unchanged)
[90msrc/src/services/audit/AuditLogger.ts[39m 9ms (unchanged)
[90msrc/src/stores/secureStore.ts[39m 29ms (unchanged)
[90msrc/src/utils/encryption.ts[39m 7ms (unchanged)
[90mtsconfig.json[39m 3ms (unchanged)
[90mvite.config.ts[39m 5ms (unchanged)
